2023-01-31 18:17:40,947 INFO :: This is an info log
2023-01-31 18:17:40,947 DEBUG :: This is a debug log
2023-01-31 18:19:07,748 INFO :: This is an info log
2023-01-31 18:19:07,748 DEBUG :: This is a debug log
2023-01-31 18:19:20,540 DEBUG :: Starting new HTTPS connection (1): fapi.binance.com:443
2023-01-31 18:19:20,703 DEBUG :: https://fapi.binance.com:443 "GET /fapi/v1/exchangeInfo HTTP/1.1" 200 None
2023-01-31 18:31:10,758 INFO :: This is an info log
2023-01-31 18:31:10,758 DEBUG :: This is a debug log
2023-01-31 18:31:16,398 DEBUG :: Starting new HTTPS connection (1): fapi.binance.com:443
2023-01-31 18:31:16,545 DEBUG :: https://fapi.binance.com:443 "GET /fapi/v1/exchangeInfo HTTP/1.1" 200 None
2023-01-31 18:32:21,643 INFO :: This is an info log
2023-01-31 18:32:21,644 DEBUG :: This is a debug log
2023-01-31 18:32:32,686 DEBUG :: Starting new HTTPS connection (1): fapi.binance.com:443
2023-01-31 18:32:32,827 DEBUG :: https://fapi.binance.com:443 "GET /fapi/v1/exchangeInfo HTTP/1.1" 200 None
2023-01-31 18:32:52,737 INFO :: This is an info log
2023-01-31 18:32:52,738 DEBUG :: This is a debug log
2023-01-31 18:32:55,957 DEBUG :: Starting new HTTPS connection (1): fapi.binance.com:443
2023-01-31 18:32:56,083 DEBUG :: https://fapi.binance.com:443 "GET /fapi/v1/exchangeInfo HTTP/1.1" 200 None
2023-01-31 23:25:57,315 INFO :: This is an info log
2023-01-31 23:25:57,315 DEBUG :: This is a debug log
2023-01-31 23:26:00,439 DEBUG :: Starting new HTTPS connection (1): fapi.binance.com:443
2023-01-31 23:26:00,582 DEBUG :: https://fapi.binance.com:443 "GET /fapi/v1/exchangeInfo HTTP/1.1" 200 None
2023-02-01 10:55:28,004 DEBUG :: Starting new HTTPS connection (1): fapi.binance.com:443
2023-02-01 10:55:28,191 DEBUG :: https://fapi.binance.com:443 "GET /fapi/v1/exchangeInfo HTTP/1.1" 200 None
2023-02-01 10:58:27,003 DEBUG :: Starting new HTTPS connection (1): fapi.binance.com:443
2023-02-01 10:58:27,420 DEBUG :: https://fapi.binance.com:443 "GET /fapi/v1/exchangeInfo HTTP/1.1" 200 None
2023-02-01 10:59:32,963 DEBUG :: Starting new HTTPS connection (1): fapi.binance.com:443
2023-02-01 10:59:33,395 DEBUG :: https://fapi.binance.com:443 "GET /fapi/v1/exchangeInfo HTTP/1.1" 200 None
2023-02-01 10:59:33,401 DEBUG :: Starting new HTTPS connection (1): fapi.binance.com:443
2023-02-01 10:59:33,511 DEBUG :: https://fapi.binance.com:443 "GET /fapi/v1/exchangeInfo?symbol=BTCUSDT&interval=1m&limit=1500 HTTP/1.1" 200 None
2023-02-01 11:02:49,427 DEBUG :: Starting new HTTPS connection (1): fapi.binance.com:443
2023-02-01 11:02:49,559 DEBUG :: https://fapi.binance.com:443 "GET /fapi/v1/exchangeInfo HTTP/1.1" 200 None
2023-02-01 11:02:49,565 DEBUG :: Starting new HTTPS connection (1): fapi.binance.com:443
2023-02-01 11:02:49,691 DEBUG :: https://fapi.binance.com:443 "GET /fapi/v1/klines?symbol=BTCUSDT&interval=1m&limit=1500 HTTP/1.1" 200 None
2023-02-03 01:23:01,434 DEBUG :: Starting new HTTPS connection (1): api-futures.kucoin.com:443
2023-02-03 01:23:02,481 DEBUG :: https://api-futures.kucoin.com:443 "GET /api/v1/contracts/active HTTP/1.1" 200 None
2023-02-03 01:26:01,765 DEBUG :: Starting new HTTPS connection (1): api-futures.kucoin.com:443
2023-02-03 01:26:01,928 DEBUG :: https://api-futures.kucoin.com:443 "GET /api/v1/contracts/active HTTP/1.1" 200 None
2023-02-03 01:27:25,210 DEBUG :: Starting new HTTPS connection (1): api-futures.kucoin.com:443
2023-02-03 01:27:25,359 DEBUG :: https://api-futures.kucoin.com:443 "GET /api/v1/contracts/active HTTP/1.1" 200 None
2023-02-03 01:28:38,209 DEBUG :: Starting new HTTPS connection (1): api-futures.kucoin.com:443
2023-02-03 01:28:39,194 DEBUG :: https://api-futures.kucoin.com:443 "GET /api/v1/contracts/active HTTP/1.1" 200 None
2023-02-03 01:28:58,633 DEBUG :: Starting new HTTPS connection (1): api-futures.kucoin.com:443
2023-02-03 01:28:58,804 DEBUG :: https://api-futures.kucoin.com:443 "GET /api/v1/contracts/active HTTP/1.1" 200 None
2023-02-03 01:29:37,152 DEBUG :: Starting new HTTPS connection (1): api-futures.kucoin.com:443
2023-02-03 01:29:37,316 DEBUG :: https://api-futures.kucoin.com:443 "GET /api/v1/contracts/active HTTP/1.1" 200 None
2023-02-03 01:30:52,576 DEBUG :: Starting new HTTPS connection (1): api-futures.kucoin.com:443
2023-02-03 01:30:52,761 DEBUG :: https://api-futures.kucoin.com:443 "GET /api/v1/contracts/active HTTP/1.1" 200 None
2023-02-03 01:31:58,561 DEBUG :: Starting new HTTPS connection (1): api-futures.kucoin.com:443
2023-02-03 01:31:58,713 DEBUG :: https://api-futures.kucoin.com:443 "GET /api/v1/contracts/active HTTP/1.1" 200 None
2023-02-03 01:32:15,929 DEBUG :: Starting new HTTPS connection (1): api-futures.kucoin.com:443
2023-02-03 01:32:16,620 DEBUG :: https://api-futures.kucoin.com:443 "GET /api/v1/contracts/active HTTP/1.1" 200 None
2023-02-03 01:34:34,496 DEBUG :: Starting new HTTPS connection (1): api-futures.kucoin.com:443
2023-02-03 01:34:34,644 DEBUG :: https://api-futures.kucoin.com:443 "GET /api/v1/contracts/active HTTP/1.1" 200 None
2023-02-03 01:35:17,912 DEBUG :: Starting new HTTPS connection (1): api-futures.kucoin.com:443
2023-02-03 01:35:18,855 DEBUG :: https://api-futures.kucoin.com:443 "GET /api/v1/contracts/active HTTP/1.1" 200 None
2023-02-03 01:37:08,960 DEBUG :: Starting new HTTPS connection (1): fapi.binance.com:443
2023-02-03 01:37:09,157 DEBUG :: https://fapi.binance.com:443 "GET /fapi/v1/exchangeInfo HTTP/1.1" 200 None
2023-02-03 01:37:09,163 DEBUG :: Starting new HTTPS connection (1): api-futures.kucoin.com:443
2023-02-03 01:37:09,309 DEBUG :: https://api-futures.kucoin.com:443 "GET /api/v1/contracts/active HTTP/1.1" 200 None
2023-02-03 10:14:02,807 DEBUG :: Starting new HTTPS connection (1): fapi.binance.com:443
2023-02-03 10:14:03,249 DEBUG :: https://fapi.binance.com:443 "GET /fapi/v1/exchangeInfo HTTP/1.1" 200 None
2023-02-03 10:14:03,255 DEBUG :: Starting new HTTPS connection (1): api-futures.kucoin.com:443
2023-02-03 10:14:04,249 DEBUG :: https://api-futures.kucoin.com:443 "GET /api/v1/contracts/active HTTP/1.1" 200 None
2023-02-03 10:16:05,558 DEBUG :: Starting new HTTPS connection (1): fapi.binance.com:443
2023-02-03 10:16:05,958 DEBUG :: https://fapi.binance.com:443 "GET /fapi/v1/exchangeInfo HTTP/1.1" 200 None
2023-02-03 10:16:05,964 DEBUG :: Starting new HTTPS connection (1): api-futures.kucoin.com:443
2023-02-03 10:16:06,122 DEBUG :: https://api-futures.kucoin.com:443 "GET /api/v1/contracts/active HTTP/1.1" 200 None
2023-02-03 10:16:06,132 DEBUG :: Starting new HTTPS connection (1): api-futures.kucoin.com:443
2023-02-03 10:16:06,276 DEBUG :: https://api-futures.kucoin.com:443 "GET /api/v1/kline/query?symbol=ETHUSDTM&granularity=1 HTTP/1.1" 200 None
2023-02-03 10:18:12,180 DEBUG :: Starting new HTTPS connection (1): fapi.binance.com:443
2023-02-03 10:18:12,317 DEBUG :: https://fapi.binance.com:443 "GET /fapi/v1/exchangeInfo HTTP/1.1" 200 None
2023-02-03 10:18:12,322 DEBUG :: Starting new HTTPS connection (1): api-futures.kucoin.com:443
2023-02-03 10:18:12,474 DEBUG :: https://api-futures.kucoin.com:443 "GET /api/v1/contracts/active HTTP/1.1" 200 None
2023-02-03 10:18:12,480 DEBUG :: Starting new HTTPS connection (1): api-futures.kucoin.com:443
2023-02-03 10:18:12,628 DEBUG :: https://api-futures.kucoin.com:443 "GET /api/v1/kline/query?symbol=ETHUSDTM&granularity=1 HTTP/1.1" 200 None
2023-02-03 10:40:18,686 DEBUG :: Starting new HTTPS connection (1): fapi.binance.com:443
2023-02-03 10:40:18,819 DEBUG :: https://fapi.binance.com:443 "GET /fapi/v1/exchangeInfo HTTP/1.1" 200 None
2023-02-03 10:40:18,825 DEBUG :: Starting new HTTPS connection (1): api-futures.kucoin.com:443
2023-02-03 10:40:18,972 DEBUG :: https://api-futures.kucoin.com:443 "GET /api/v1/contracts/active HTTP/1.1" 200 None
2023-02-03 10:40:18,983 DEBUG :: Starting new HTTPS connection (1): api-futures.kucoin.com:443
2023-02-03 10:40:19,125 DEBUG :: https://api-futures.kucoin.com:443 "GET /api/v1/kline/query?symbol=ETHUSDTM&granularity=1 HTTP/1.1" 200 None
2023-02-03 10:41:40,645 DEBUG :: Starting new HTTPS connection (1): fapi.binance.com:443
2023-02-03 10:41:40,786 DEBUG :: https://fapi.binance.com:443 "GET /fapi/v1/exchangeInfo HTTP/1.1" 200 None
2023-02-03 10:41:40,792 DEBUG :: Starting new HTTPS connection (1): api-futures.kucoin.com:443
2023-02-03 10:41:40,991 DEBUG :: https://api-futures.kucoin.com:443 "GET /api/v1/contracts/active HTTP/1.1" 200 None
2023-02-03 10:41:40,998 DEBUG :: Starting new HTTPS connection (1): api-futures.kucoin.com:443
2023-02-03 10:41:41,144 DEBUG :: https://api-futures.kucoin.com:443 "GET /api/v1/kline/query?symbol=ETHUSDTM&granularity=1 HTTP/1.1" 200 None
2023-02-03 11:28:59,394 DEBUG :: Starting new HTTPS connection (1): fapi.binance.com:443
2023-02-03 11:28:59,528 DEBUG :: https://fapi.binance.com:443 "GET /fapi/v1/exchangeInfo HTTP/1.1" 200 None
2023-02-03 11:28:59,534 DEBUG :: Starting new HTTPS connection (1): api-futures.kucoin.com:443
2023-02-03 11:28:59,676 DEBUG :: https://api-futures.kucoin.com:443 "GET /api/v1/contracts/active HTTP/1.1" 200 None
2023-02-03 11:28:59,695 DEBUG :: Starting new HTTPS connection (1): api-futures.kucoin.com:443
2023-02-03 11:28:59,836 DEBUG :: https://api-futures.kucoin.com:443 "GET /api/v1/kline/query?symbol=ETHUSDTM&granularity=1 HTTP/1.1" 200 None
2023-02-03 11:30:26,867 DEBUG :: Starting new HTTPS connection (1): fapi.binance.com:443
2023-02-03 11:30:27,002 DEBUG :: https://fapi.binance.com:443 "GET /fapi/v1/exchangeInfo HTTP/1.1" 200 None
2023-02-03 11:30:27,010 DEBUG :: Starting new HTTPS connection (1): api-futures.kucoin.com:443
2023-02-03 11:30:27,160 DEBUG :: https://api-futures.kucoin.com:443 "GET /api/v1/contracts/active HTTP/1.1" 200 None
2023-02-03 11:30:27,165 DEBUG :: Starting new HTTPS connection (1): api-futures.kucoin.com:443
2023-02-03 11:30:27,306 DEBUG :: https://api-futures.kucoin.com:443 "GET /api/v1/kline/query?symbol=ETHUSDTM&granularity=1 HTTP/1.1" 200 None
2023-02-03 11:30:49,495 DEBUG :: Starting new HTTPS connection (1): fapi.binance.com:443
2023-02-03 11:30:49,878 DEBUG :: https://fapi.binance.com:443 "GET /fapi/v1/exchangeInfo HTTP/1.1" 200 None
2023-02-03 11:30:49,884 DEBUG :: Starting new HTTPS connection (1): api-futures.kucoin.com:443
2023-02-03 11:30:50,037 DEBUG :: https://api-futures.kucoin.com:443 "GET /api/v1/contracts/active HTTP/1.1" 200 None
2023-02-03 11:30:50,044 DEBUG :: Starting new HTTPS connection (1): api-futures.kucoin.com:443
2023-02-03 11:30:50,215 DEBUG :: https://api-futures.kucoin.com:443 "GET /api/v1/kline/query?symbol=ETHUSDTM&granularity=1 HTTP/1.1" 200 None
2023-02-03 11:31:57,699 DEBUG :: Starting new HTTPS connection (1): fapi.binance.com:443
2023-02-03 11:31:57,836 DEBUG :: https://fapi.binance.com:443 "GET /fapi/v1/exchangeInfo HTTP/1.1" 200 None
2023-02-03 11:31:57,844 DEBUG :: Starting new HTTPS connection (1): api-futures.kucoin.com:443
2023-02-03 11:31:58,000 DEBUG :: https://api-futures.kucoin.com:443 "GET /api/v1/contracts/active HTTP/1.1" 200 None
2023-02-03 11:31:58,013 DEBUG :: Starting new HTTPS connection (1): api-futures.kucoin.com:443
2023-02-03 11:31:58,817 DEBUG :: https://api-futures.kucoin.com:443 "GET /api/v1/kline/query?symbol=ETHUSDTM&granularity=1 HTTP/1.1" 200 None
2023-02-03 11:34:14,752 DEBUG :: Starting new HTTPS connection (1): fapi.binance.com:443
2023-02-03 11:34:14,887 DEBUG :: https://fapi.binance.com:443 "GET /fapi/v1/exchangeInfo HTTP/1.1" 200 None
2023-02-03 11:34:14,892 DEBUG :: Starting new HTTPS connection (1): api-futures.kucoin.com:443
2023-02-03 11:34:15,048 DEBUG :: https://api-futures.kucoin.com:443 "GET /api/v1/contracts/active HTTP/1.1" 200 None
2023-02-03 11:34:15,056 DEBUG :: Starting new HTTPS connection (1): api-futures.kucoin.com:443
2023-02-03 11:34:15,222 DEBUG :: https://api-futures.kucoin.com:443 "GET /api/v1/kline/query?symbol=ETHUSDTM&granularity=1 HTTP/1.1" 200 None
2023-02-03 11:34:40,272 DEBUG :: Starting new HTTPS connection (1): fapi.binance.com:443
2023-02-03 11:34:40,645 DEBUG :: https://fapi.binance.com:443 "GET /fapi/v1/exchangeInfo HTTP/1.1" 200 None
2023-02-03 11:34:40,651 DEBUG :: Starting new HTTPS connection (1): api-futures.kucoin.com:443
2023-02-03 11:34:40,799 DEBUG :: https://api-futures.kucoin.com:443 "GET /api/v1/contracts/active HTTP/1.1" 200 None
2023-02-03 11:34:40,806 DEBUG :: Starting new HTTPS connection (1): api-futures.kucoin.com:443
2023-02-03 11:34:40,958 DEBUG :: https://api-futures.kucoin.com:443 "GET /api/v1/kline/query?symbol=ETHUSDTM&granularity=1 HTTP/1.1" 200 None
2023-02-03 11:38:29,679 DEBUG :: Starting new HTTPS connection (1): fapi.binance.com:443
2023-02-03 11:38:30,086 DEBUG :: https://fapi.binance.com:443 "GET /fapi/v1/exchangeInfo HTTP/1.1" 200 None
2023-02-03 11:38:30,093 DEBUG :: Starting new HTTPS connection (1): api-futures.kucoin.com:443
2023-02-03 11:38:30,241 DEBUG :: https://api-futures.kucoin.com:443 "GET /api/v1/contracts/active HTTP/1.1" 200 None
2023-02-03 11:38:30,251 DEBUG :: Starting new HTTPS connection (1): api-futures.kucoin.com:443
2023-02-03 11:38:30,406 DEBUG :: https://api-futures.kucoin.com:443 "GET /api/v1/kline/query?symbol=ETHUSDTM&granularity=1 HTTP/1.1" 200 None
2023-02-03 11:39:15,207 DEBUG :: Starting new HTTPS connection (1): fapi.binance.com:443
2023-02-03 11:39:15,579 DEBUG :: https://fapi.binance.com:443 "GET /fapi/v1/exchangeInfo HTTP/1.1" 200 None
2023-02-03 11:39:15,584 DEBUG :: Starting new HTTPS connection (1): api-futures.kucoin.com:443
2023-02-03 11:39:15,736 DEBUG :: https://api-futures.kucoin.com:443 "GET /api/v1/contracts/active HTTP/1.1" 200 None
2023-02-03 11:39:15,745 DEBUG :: Starting new HTTPS connection (1): api-futures.kucoin.com:443
2023-02-03 11:39:15,887 DEBUG :: https://api-futures.kucoin.com:443 "GET /api/v1/kline/query?symbol=ETHUSDTM&granularity=1 HTTP/1.1" 200 None
2023-02-03 11:46:01,808 DEBUG :: Starting new HTTPS connection (1): fapi.binance.com:443
2023-02-03 11:46:01,950 DEBUG :: https://fapi.binance.com:443 "GET /fapi/v1/exchangeInfo HTTP/1.1" 200 None
2023-02-03 11:46:01,956 DEBUG :: Starting new HTTPS connection (1): api-futures.kucoin.com:443
2023-02-03 11:46:02,104 DEBUG :: https://api-futures.kucoin.com:443 "GET /api/v1/contracts/active HTTP/1.1" 200 None
2023-02-03 11:46:02,109 DEBUG :: Starting new HTTPS connection (1): api-futures.kucoin.com:443
2023-02-03 11:46:02,260 DEBUG :: https://api-futures.kucoin.com:443 "GET /api/v1/kline/query?symbol=ETHUSDTM&granularity=1 HTTP/1.1" 200 None
2023-02-03 11:47:26,943 DEBUG :: Starting new HTTPS connection (1): fapi.binance.com:443
2023-02-03 11:47:27,349 DEBUG :: https://fapi.binance.com:443 "GET /fapi/v1/exchangeInfo HTTP/1.1" 200 None
2023-02-03 11:47:27,359 DEBUG :: Starting new HTTPS connection (1): api-futures.kucoin.com:443
2023-02-03 11:47:28,054 DEBUG :: https://api-futures.kucoin.com:443 "GET /api/v1/contracts/active HTTP/1.1" 200 None
2023-02-03 11:47:28,059 DEBUG :: Starting new HTTPS connection (1): api-futures.kucoin.com:443
2023-02-03 11:47:28,863 DEBUG :: https://api-futures.kucoin.com:443 "GET /api/v1/kline/query?symbol=ETHUSDTM&granularity=1 HTTP/1.1" 200 None
2023-02-05 11:18:10,544 DEBUG :: Starting new HTTPS connection (1): fapi.binance.com:443
2023-02-05 11:18:10,732 DEBUG :: https://fapi.binance.com:443 "GET /fapi/v1/exchangeInfo HTTP/1.1" 200 None
2023-02-05 11:20:45,833 DEBUG :: Starting new HTTPS connection (1): fapi.binance.com:443
2023-02-05 11:20:46,231 DEBUG :: https://fapi.binance.com:443 "GET /fapi/v1/exchangeInfo HTTP/1.1" 200 None
2023-02-05 11:20:46,241 DEBUG :: Starting new HTTPS connection (1): api-futures.kucoin.com:443
2023-02-05 11:20:46,396 DEBUG :: https://api-futures.kucoin.com:443 "GET /api/v1/kline/query?symbol=ETHUSDTM&granularity=1 HTTP/1.1" 200 None
2023-02-05 12:14:50,645 DEBUG :: Starting new HTTPS connection (1): fapi.binance.com:443
2023-02-05 12:14:50,785 DEBUG :: https://fapi.binance.com:443 "GET /fapi/v1/exchangeInfo HTTP/1.1" 200 None
2023-02-05 12:14:50,796 DEBUG :: Starting new HTTPS connection (1): api.kucoin:443
2023-02-05 12:19:26,172 DEBUG :: Starting new HTTPS connection (1): fapi.binance.com:443
2023-02-05 12:19:26,327 DEBUG :: https://fapi.binance.com:443 "GET /fapi/v1/exchangeInfo HTTP/1.1" 200 None
2023-02-05 12:19:26,338 DEBUG :: Starting new HTTPS connection (1): api.kucoin:443
2023-02-05 12:21:11,862 DEBUG :: Starting new HTTPS connection (1): fapi.binance.com:443
2023-02-05 12:21:12,004 DEBUG :: https://fapi.binance.com:443 "GET /fapi/v1/exchangeInfo HTTP/1.1" 200 None
2023-02-05 12:21:12,010 DEBUG :: Starting new HTTPS connection (1): api.kucoin.com:443
2023-02-05 12:21:12,190 DEBUG :: https://api.kucoin.com:443 "GET /api/v1/market/candles?symbol=ETHUSDT&type=1min HTTP/1.1" 200 None
2023-02-05 12:21:55,488 DEBUG :: Starting new HTTPS connection (1): fapi.binance.com:443
2023-02-05 12:21:55,878 DEBUG :: https://fapi.binance.com:443 "GET /fapi/v1/exchangeInfo HTTP/1.1" 200 None
2023-02-05 12:21:55,885 DEBUG :: Starting new HTTPS connection (1): api.kucoin.com:443
2023-02-05 12:21:56,046 DEBUG :: https://api.kucoin.com:443 "GET /api/v1/market/candles?symbol=ETHUSDT&type=1min HTTP/1.1" 200 None
2023-02-05 12:23:03,853 DEBUG :: Starting new HTTPS connection (1): fapi.binance.com:443
2023-02-05 12:23:04,254 DEBUG :: https://fapi.binance.com:443 "GET /fapi/v1/exchangeInfo HTTP/1.1" 200 None
2023-02-05 12:23:04,259 DEBUG :: Starting new HTTPS connection (1): api.kucoin.com:443
2023-02-05 12:23:04,402 DEBUG :: https://api.kucoin.com:443 "GET /api/v1/market/candles?symbol=ETHUSDT&type=1min HTTP/1.1" 200 None
2023-02-05 12:23:51,069 DEBUG :: Starting new HTTPS connection (1): api.kucoin.com:443
2023-02-05 12:23:51,238 DEBUG :: https://api.kucoin.com:443 "GET /api/v2/symbols HTTP/1.1" 200 None
2023-02-05 12:23:51,268 DEBUG :: Starting new HTTPS connection (1): api.kucoin.com:443
2023-02-05 12:23:51,413 DEBUG :: https://api.kucoin.com:443 "GET /api/v1/market/candles?symbol=ETHUSDT&type=1min HTTP/1.1" 200 None
2023-02-05 12:25:59,868 DEBUG :: Starting new HTTPS connection (1): api.kucoin.com:443
2023-02-05 12:26:00,041 DEBUG :: https://api.kucoin.com:443 "GET /api/v2/symbols HTTP/1.1" 200 None
2023-02-05 12:26:00,068 DEBUG :: Starting new HTTPS connection (1): api.kucoin.com:443
2023-02-05 12:26:00,206 DEBUG :: https://api.kucoin.com:443 "GET /api/v1/market/candles?symbol=ETH-USDT&type=1min HTTP/1.1" 200 None
2023-02-05 13:29:45,638 DEBUG :: Starting new HTTPS connection (1): api.kucoin.com:443
2023-02-05 13:29:45,822 DEBUG :: https://api.kucoin.com:443 "GET /api/v2/symbols HTTP/1.1" 200 None
2023-02-05 13:29:45,865 DEBUG :: Starting new HTTPS connection (1): api.kucoin.com:443
2023-02-05 13:29:46,014 DEBUG :: https://api.kucoin.com:443 "GET /api/v1/market/candles?symbol=ETH-USDT&type=1min HTTP/1.1" 200 None
2023-02-05 13:32:25,225 DEBUG :: Starting new HTTPS connection (1): api.kucoin.com:443
2023-02-05 13:32:25,420 DEBUG :: https://api.kucoin.com:443 "GET /api/v2/symbols HTTP/1.1" 200 None
2023-02-05 13:32:25,438 DEBUG :: Starting new HTTPS connection (1): api.kucoin.com:443
2023-02-05 13:32:25,583 DEBUG :: https://api.kucoin.com:443 "GET /api/v1/market/candles?symbol=ETH-USDT&type=1min HTTP/1.1" 200 None
2023-02-05 17:10:15,532 DEBUG :: Starting new HTTPS connection (1): api-futures.kucoin.com:443
2023-02-05 17:10:16,369 DEBUG :: https://api-futures.kucoin.com:443 "GET /api/v1/contracts/active HTTP/1.1" 200 None
2023-02-05 17:10:16,554 DEBUG :: Starting new HTTPS connection (1): api-futures.kucoin.com:443
2023-02-05 17:10:16,697 DEBUG :: https://api-futures.kucoin.com:443 "GET /api/v1/kline/query?symbol=ETH-USDT&granularity=1min HTTP/1.1" 400 37
2023-02-05 17:10:16,700 ERROR :: Error while making request to /api/v1/kline/query: {'code': '500', 'msg': 'internal error'} (status code = 400)
2023-02-05 17:13:11,789 DEBUG :: Starting new HTTPS connection (1): api-futures.kucoin.com:443
2023-02-05 17:13:11,954 DEBUG :: https://api-futures.kucoin.com:443 "GET /api/v1/contracts/active HTTP/1.1" 200 None
2023-02-05 17:13:11,969 DEBUG :: Starting new HTTPS connection (1): api-futures.kucoin.com:443
2023-02-05 17:13:12,115 DEBUG :: https://api-futures.kucoin.com:443 "GET /api/v1/kline/query?symbol=ETH-USDT&granularity=1min HTTP/1.1" 400 37
2023-02-05 17:13:12,119 ERROR :: Error while making request to /api/v1/kline/query: {'code': '500', 'msg': 'internal error'} (status code = 400)
2023-02-05 17:13:45,784 DEBUG :: Starting new HTTPS connection (1): api-futures.kucoin.com:443
2023-02-05 17:13:45,936 DEBUG :: https://api-futures.kucoin.com:443 "GET /api/v1/contracts/active HTTP/1.1" 200 None
2023-02-05 17:13:45,949 DEBUG :: Starting new HTTPS connection (1): api-futures.kucoin.com:443
2023-02-05 17:13:46,092 DEBUG :: https://api-futures.kucoin.com:443 "GET /api/v1/kline/query?symbol=ETHUSDTM&granularity=1min HTTP/1.1" 400 37
2023-02-05 17:13:46,098 ERROR :: Error while making request to /api/v1/kline/query: {'code': '500', 'msg': 'internal error'} (status code = 400)
2023-02-05 17:14:33,671 DEBUG :: Starting new HTTPS connection (1): fapi.binance.com:443
2023-02-05 17:14:33,921 DEBUG :: https://fapi.binance.com:443 "GET /fapi/v1/klines?symbol=ETHUSDT&interval=1m&limit=1500 HTTP/1.1" 200 None
2023-02-05 17:17:23,664 DEBUG :: Starting new HTTPS connection (1): fapi.binance.com:443
2023-02-05 17:17:23,913 DEBUG :: https://fapi.binance.com:443 "GET /fapi/v1/klines?symbol=ETHUSDT&interval=1m&limit=1500 HTTP/1.1" 200 None
2023-02-05 17:24:29,810 DEBUG :: Starting new HTTPS connection (1): fapi.binance.com:443
2023-02-05 17:24:29,970 DEBUG :: https://fapi.binance.com:443 "GET /fapi/v1/klines?symbol=ETHUSDT&interval=1m&limit=1500 HTTP/1.1" 200 None
2023-02-05 17:24:56,103 DEBUG :: Starting new HTTPS connection (1): fapi.binance.com:443
2023-02-05 17:24:56,283 DEBUG :: https://fapi.binance.com:443 "GET /fapi/v1/klines?symbol=ETHUSDT&interval=1m&limit=1500 HTTP/1.1" 200 None
2023-02-05 17:31:16,499 DEBUG :: Starting new HTTPS connection (1): fapi.binance.com:443
2023-02-05 17:31:16,917 DEBUG :: https://fapi.binance.com:443 "GET /fapi/v1/klines?symbol=ETHUSDT&interval=1m&limit=1500 HTTP/1.1" 200 None
2023-02-05 17:34:36,672 DEBUG :: Starting new HTTPS connection (1): fapi.binance.com:443
2023-02-05 17:34:37,092 DEBUG :: https://fapi.binance.com:443 "GET /fapi/v1/klines?symbol=ETHUSDT&interval=1m&limit=1500 HTTP/1.1" 200 None
2023-02-05 17:35:43,683 DEBUG :: Starting new HTTPS connection (1): api-futures.kucoin.com:443
2023-02-05 17:35:43,853 DEBUG :: https://api-futures.kucoin.com:443 "GET /api/v1/contracts/active HTTP/1.1" 200 None
2023-02-05 17:35:43,870 DEBUG :: Starting new HTTPS connection (1): api-futures.kucoin.com:443
2023-02-05 17:35:44,024 DEBUG :: https://api-futures.kucoin.com:443 "GET /api/v1/kline/query?symbol=ETH-USDT&granularity=1 HTTP/1.1" 200 27
2023-02-05 17:37:33,072 DEBUG :: Starting new HTTPS connection (1): api.kucoin.com:443
2023-02-05 17:37:34,036 DEBUG :: https://api.kucoin.com:443 "GET /api/v2/symbols HTTP/1.1" 200 None
2023-02-05 17:37:34,050 DEBUG :: Starting new HTTPS connection (1): api.kucoin.com:443
2023-02-05 17:37:34,191 DEBUG :: https://api.kucoin.com:443 "GET /api/v1/market/candles?symbol=ETH-USDT&type=1min HTTP/1.1" 200 None
2023-02-05 17:46:24,143 DEBUG :: Starting new HTTPS connection (1): fapi.binance.com:443
2023-02-05 17:46:24,265 DEBUG :: https://fapi.binance.com:443 "GET /fapi/v1/klines?symbol=ETH-USDT&interval=1m&limit=1500 HTTP/1.1" 400 38
2023-02-05 17:46:24,267 ERROR :: Error while making request to /fapi/v1/klines: {'code': -1121, 'msg': 'Invalid symbol.'} (status code = 400)
2023-02-05 17:46:44,415 DEBUG :: Starting new HTTPS connection (1): api.kucoin.com:443
2023-02-05 17:46:44,603 DEBUG :: https://api.kucoin.com:443 "GET /api/v2/symbols HTTP/1.1" 200 None
2023-02-05 17:46:44,626 DEBUG :: Starting new HTTPS connection (1): api.kucoin.com:443
2023-02-05 17:46:44,781 DEBUG :: https://api.kucoin.com:443 "GET /api/v1/market/candles?symbol=ETH-USDT&type=1min HTTP/1.1" 200 None
2023-02-05 18:32:16,206 DEBUG :: Starting new HTTPS connection (1): fapi.binance.com:443
2023-02-05 18:32:16,346 DEBUG :: https://fapi.binance.com:443 "GET /fapi/v1/klines?symbol=ETH-USDT&interval=1m&limit=1500 HTTP/1.1" 400 38
2023-02-05 18:32:16,347 ERROR :: Error while making request to /fapi/v1/klines: {'code': -1121, 'msg': 'Invalid symbol.'} (status code = 400)
2023-02-06 08:56:27,884 DEBUG :: Starting new HTTPS connection (1): api.kucoin.com:443
2023-02-06 08:56:28,099 DEBUG :: https://api.kucoin.com:443 "GET /api/v2/symbols HTTP/1.1" 200 None
2023-02-06 08:56:28,123 DEBUG :: Starting new HTTPS connection (1): api.kucoin.com:443
2023-02-06 08:56:28,280 DEBUG :: https://api.kucoin.com:443 "GET /api/v1/market/candles?symbol=ETH-USDT&type=1min HTTP/1.1" 200 None
